<?xml version="1.0" encoding="UTF-8"?>
<!-- Generated by org.testng.reporters.JUnitXMLReporter -->
<testsuite ignored="0" hostname="jemsnroy" failures="0" tests="12" name="Command line test" time="217.869" errors="0" timestamp="07 Dec. 2022 20:13:43 GMT">
  <testcase classname="com.ali.qa.tests.RegisterTest" name="vldCNATest" time="2.161"/>
  <testcase classname="com.ali.qa.tests.RegisterTest" name="vldCNATest" time="1.831"/>
  <testcase classname="com.ali.qa.tests.HomeTest" name="vldUsrNameTest" time="0.123"/>
  <testcase classname="com.ali.qa.tests.LoginTest" name="vldLinkTest" time="0.003"/>
  <testcase classname="com.ali.qa.tests.MarketplaceTest" name="vldCLKTest" time="3.086"/>
  <testcase classname="com.ali.qa.tests.HomeTest" name="vldSSTest" time="0.133"/>
  <testcase classname="com.ali.qa.tests.LoginTest" name="vldTitleTest" time="0.005"/>
  <testcase classname="com.ali.qa.tests.MarketplaceTest" name="vldLgoTest" time="4.458"/>
  <testcase classname="com.ali.qa.tests.HomeTest" name="vldMktTest" time="0.339"/>
  <testcase classname="com.ali.qa.tests.LoginTest" name="vldElementTest" time="0.04"/>
  <testcase classname="com.ali.qa.tests.LoginTest" name="vldSSTest" time="0.063"/>
  <testcase classname="com.ali.qa.tests.LoginTest" name="vldLgnTest" time="7.33"/>
</testsuite> <!-- Command line test -->
