<?xml version="1.0" encoding="UTF-8"?>
<!-- Generated by org.testng.reporters.JUnitXMLReporter -->
<testsuite ignored="0" hostname="jemsnroy" failures="0" tests="12" name="Test" time="101.904" errors="0" timestamp="07 Dec. 2022 20:06:10 GMT">
  <testcase classname="com.ali.qa.tests.RegisterTest" name="vldCNATest" time="2.215"/>
  <testcase classname="com.ali.qa.tests.RegisterTest" name="vldCNATest" time="1.818"/>
  <testcase classname="com.ali.qa.tests.LoginTest" name="vldLinkTest" time="0.007"/>
  <testcase classname="com.ali.qa.tests.HomeTest" name="vldUsrNameTest" time="0.089"/>
  <testcase classname="com.ali.qa.tests.MarketplaceTest" name="vldCLKTest" time="1.192"/>
  <testcase classname="com.ali.qa.tests.LoginTest" name="vldTitleTest" time="0.005"/>
  <testcase classname="com.ali.qa.tests.HomeTest" name="vldSSTest" time="0.207"/>
  <testcase classname="com.ali.qa.tests.MarketplaceTest" name="vldLgoTest" time="3.357"/>
  <testcase classname="com.ali.qa.tests.LoginTest" name="vldElementTest" time="0.036"/>
  <testcase classname="com.ali.qa.tests.HomeTest" name="vldMktTest" time="0.291"/>
  <testcase classname="com.ali.qa.tests.LoginTest" name="vldSSTest" time="0.059"/>
  <testcase classname="com.ali.qa.tests.LoginTest" name="vldLgnTest" time="8.992"/>
</testsuite> <!-- Test -->
