<?xml version="1.0" encoding="UTF-8" ?>
<testsuite tests="12" failures="0" name="TestSuite" time="19.575" errors="0" skipped="0">
  <properties>
[...]
</properties>
  <testcase classname="com.ali.qa.tests.RegisterTest" name="vldCNATest" time="2.162"/>
  <testcase classname="com.ali.qa.tests.RegisterTest" name="vldCNATest" time="1.831"/>
  <testcase classname="com.ali.qa.tests.HomeTest" name="vldUsrNameTest" time="0.122"/>
  <testcase classname="com.ali.qa.tests.LoginTest" name="vldLinkTest" time="0.004"/>
  <testcase classname="com.ali.qa.tests.MarketplaceTest" name="vldCLKTest" time="3.086"/>
  <testcase classname="com.ali.qa.tests.HomeTest" name="vldSSTest" time="0.133"/>
  <testcase classname="com.ali.qa.tests.LoginTest" name="vldTitleTest" time="0.006"/>
  <testcase classname="com.ali.qa.tests.MarketplaceTest" name="vldLgoTest" time="4.458"/>
  <testcase classname="com.ali.qa.tests.HomeTest" name="vldMktTest" time="0.34"/>
  <testcase classname="com.ali.qa.tests.LoginTest" name="vldElementTest" time="0.04"/>
  <testcase classname="com.ali.qa.tests.LoginTest" name="vldSSTest" time="0.063"/>
  <testcase classname="com.ali.qa.tests.LoginTest" name="vldLgnTest" time="7.33"/>
</testsuite>