<?xml version="1.0" encoding="UTF-8"?>
<testng-results ignored="0" total="12" passed="12" failed="0" skipped="0">
  <reporter-output>
  </reporter-output>
  <suite started-at="2022-12-11T21:15:31Z" name="testng.xml" finished-at="2022-12-11T21:16:44Z" duration-ms="73443">
    <groups>
    </groups>
    <test started-at="2022-12-11T21:15:31Z" name="Test" finished-at="2022-12-11T21:16:44Z" duration-ms="73443">
      <class name="com.ali.qa.tests.RegisterTest">
        <test-method is-config="true" signature="setUp()[pri:0, instance:com.ali.qa.tests.RegisterTest@19e4653c]" started-at="2022-12-11T16:15:31Z" name="setUp" finished-at="2022-12-11T16:15:35Z" duration-ms="3918" status="PASS">
          <reporter-output>
          </reporter-output>
        </test-method> <!-- setUp -->
        <test-method signature="vldCNATest(java.lang.String, java.lang.String, java.lang.String, java.lang.String)[pri:0, instance:com.ali.qa.tests.RegisterTest@19e4653c]" started-at="2022-12-11T16:15:35Z" name="vldCNATest" data-provider="getRegisterData" finished-at="2022-12-11T16:15:37Z" duration-ms="1320" status="PASS">
          <params>
            <param index="0">
              <value>
                <![CDATA[kadhakfh]]>
              </value>
            </param>
            <param index="1">
              <value>
                <![CDATA[asidnscsd]]>
              </value>
            </param>
            <param index="2">
              <value>
                <![CDATA[fasdkljf165@gmai.com]]>
              </value>
            </param>
            <param index="3">
              <value>
                <![CDATA[abcd@WJND213215]]>
              </value>
            </param>
          </params>
          <reporter-output>
          </reporter-output>
        </test-method> <!-- vldCNATest -->
        <test-method is-config="true" signature="tearDown()[pri:0, instance:com.ali.qa.tests.RegisterTest@19e4653c]" started-at="2022-12-11T16:15:37Z" name="tearDown" finished-at="2022-12-11T16:15:37Z" duration-ms="588" status="PASS">
          <reporter-output>
          </reporter-output>
        </test-method> <!-- tearDown -->
        <test-method is-config="true" signature="setUp()[pri:0, instance:com.ali.qa.tests.RegisterTest@19e4653c]" started-at="2022-12-11T16:15:37Z" name="setUp" finished-at="2022-12-11T16:15:40Z" duration-ms="3146" status="PASS">
          <reporter-output>
          </reporter-output>
        </test-method> <!-- setUp -->
        <test-method signature="vldCNATest(java.lang.String, java.lang.String, java.lang.String, java.lang.String)[pri:0, instance:com.ali.qa.tests.RegisterTest@19e4653c]" started-at="2022-12-11T16:15:40Z" name="vldCNATest" data-provider="getRegisterData" finished-at="2022-12-11T16:15:42Z" duration-ms="1327" status="PASS">
          <params>
            <param index="0">
              <value>
                <![CDATA[dslakfdjf]]>
              </value>
            </param>
            <param index="1">
              <value>
                <![CDATA[cschsdcjks]]>
              </value>
            </param>
            <param index="2">
              <value>
                <![CDATA[duhsadi159@gmail.com]]>
              </value>
            </param>
            <param index="3">
              <value>
                <![CDATA[abcd@WJND213215]]>
              </value>
            </param>
          </params>
          <reporter-output>
          </reporter-output>
        </test-method> <!-- vldCNATest -->
        <test-method is-config="true" signature="tearDown()[pri:0, instance:com.ali.qa.tests.RegisterTest@19e4653c]" started-at="2022-12-11T16:15:42Z" name="tearDown" finished-at="2022-12-11T16:15:42Z" duration-ms="586" status="PASS">
          <reporter-output>
          </reporter-output>
        </test-method> <!-- tearDown -->
      </class> <!-- com.ali.qa.tests.RegisterTest -->
      <class name="com.ali.qa.tests.HomeTest">
        <test-method is-config="true" signature="setUp()[pri:0, instance:com.ali.qa.tests.HomeTest@53045c6c]" started-at="2022-12-11T16:15:46Z" name="setUp" finished-at="2022-12-11T16:15:52Z" duration-ms="6540" status="PASS">
          <reporter-output>
          </reporter-output>
        </test-method> <!-- setUp -->
        <test-method signature="vldUsrNameTest()[pri:1, instance:com.ali.qa.tests.HomeTest@53045c6c]" started-at="2022-12-11T16:15:52Z" name="vldUsrNameTest" finished-at="2022-12-11T16:15:53Z" duration-ms="126" status="PASS">
          <reporter-output>
          </reporter-output>
        </test-method> <!-- vldUsrNameTest -->
        <test-method is-config="true" signature="tearDown()[pri:0, instance:com.ali.qa.tests.HomeTest@53045c6c]" started-at="2022-12-11T16:15:53Z" name="tearDown" finished-at="2022-12-11T16:15:53Z" duration-ms="736" status="PASS">
          <reporter-output>
          </reporter-output>
        </test-method> <!-- tearDown -->
        <test-method is-config="true" signature="setUp()[pri:0, instance:com.ali.qa.tests.HomeTest@53045c6c]" started-at="2022-12-11T16:16:05Z" name="setUp" finished-at="2022-12-11T16:16:12Z" duration-ms="6236" status="PASS">
          <reporter-output>
          </reporter-output>
        </test-method> <!-- setUp -->
        <test-method signature="vldSSTest()[pri:2, instance:com.ali.qa.tests.HomeTest@53045c6c]" started-at="2022-12-11T16:16:12Z" name="vldSSTest" finished-at="2022-12-11T16:16:12Z" duration-ms="152" status="PASS">
          <reporter-output>
          </reporter-output>
        </test-method> <!-- vldSSTest -->
        <test-method is-config="true" signature="tearDown()[pri:0, instance:com.ali.qa.tests.HomeTest@53045c6c]" started-at="2022-12-11T16:16:12Z" name="tearDown" finished-at="2022-12-11T16:16:12Z" duration-ms="614" status="PASS">
          <reporter-output>
          </reporter-output>
        </test-method> <!-- tearDown -->
        <test-method is-config="true" signature="setUp()[pri:0, instance:com.ali.qa.tests.HomeTest@53045c6c]" started-at="2022-12-11T16:16:26Z" name="setUp" finished-at="2022-12-11T16:16:32Z" duration-ms="6064" status="PASS">
          <reporter-output>
          </reporter-output>
        </test-method> <!-- setUp -->
        <test-method signature="vldMktTest()[pri:3, instance:com.ali.qa.tests.HomeTest@53045c6c]" started-at="2022-12-11T16:16:32Z" name="vldMktTest" finished-at="2022-12-11T16:16:32Z" duration-ms="369" status="PASS">
          <reporter-output>
          </reporter-output>
        </test-method> <!-- vldMktTest -->
        <test-method is-config="true" signature="tearDown()[pri:0, instance:com.ali.qa.tests.HomeTest@53045c6c]" started-at="2022-12-11T16:16:32Z" name="tearDown" finished-at="2022-12-11T16:16:33Z" duration-ms="858" status="PASS">
          <reporter-output>
          </reporter-output>
        </test-method> <!-- tearDown -->
      </class> <!-- com.ali.qa.tests.HomeTest -->
      <class name="com.ali.qa.tests.MarketplaceTest">
        <test-method is-config="true" signature="setUp()[pri:0, instance:com.ali.qa.tests.MarketplaceTest@5149d738]" started-at="2022-12-11T16:15:53Z" name="setUp" finished-at="2022-12-11T16:16:00Z" duration-ms="6531" status="PASS">
          <reporter-output>
          </reporter-output>
        </test-method> <!-- setUp -->
        <test-method signature="vldCLKTest()[pri:1, instance:com.ali.qa.tests.MarketplaceTest@5149d738]" started-at="2022-12-11T16:16:00Z" name="vldCLKTest" finished-at="2022-12-11T16:16:01Z" duration-ms="894" status="PASS">
          <reporter-output>
          </reporter-output>
        </test-method> <!-- vldCLKTest -->
        <test-method is-config="true" signature="tearDown()[pri:0, instance:com.ali.qa.tests.MarketplaceTest@5149d738]" started-at="2022-12-11T16:16:01Z" name="tearDown" finished-at="2022-12-11T16:16:01Z" duration-ms="725" status="PASS">
          <reporter-output>
          </reporter-output>
        </test-method> <!-- tearDown -->
        <test-method is-config="true" signature="setUp()[pri:0, instance:com.ali.qa.tests.MarketplaceTest@5149d738]" started-at="2022-12-11T16:16:12Z" name="setUp" finished-at="2022-12-11T16:16:20Z" duration-ms="7889" status="PASS">
          <reporter-output>
          </reporter-output>
        </test-method> <!-- setUp -->
        <test-method signature="vldLgoTest()[pri:2, instance:com.ali.qa.tests.MarketplaceTest@5149d738]" started-at="2022-12-11T16:16:20Z" name="vldLgoTest" finished-at="2022-12-11T16:16:22Z" duration-ms="1360" status="PASS">
          <reporter-output>
          </reporter-output>
        </test-method> <!-- vldLgoTest -->
        <test-method is-config="true" signature="tearDown()[pri:0, instance:com.ali.qa.tests.MarketplaceTest@5149d738]" started-at="2022-12-11T16:16:22Z" name="tearDown" finished-at="2022-12-11T16:16:22Z" duration-ms="543" status="PASS">
          <reporter-output>
          </reporter-output>
        </test-method> <!-- tearDown -->
      </class> <!-- com.ali.qa.tests.MarketplaceTest -->
      <class name="com.ali.qa.tests.LoginTest">
        <test-method is-config="true" signature="setUp()[pri:0, instance:com.ali.qa.tests.LoginTest@795509d9]" started-at="2022-12-11T16:15:42Z" name="setUp" finished-at="2022-12-11T16:15:45Z" duration-ms="3214" status="PASS">
          <reporter-output>
          </reporter-output>
        </test-method> <!-- setUp -->
        <test-method signature="vldLinkTest()[pri:1, instance:com.ali.qa.tests.LoginTest@795509d9]" started-at="2022-12-11T16:15:45Z" name="vldLinkTest" finished-at="2022-12-11T16:15:45Z" duration-ms="8" status="PASS">
          <reporter-output>
          </reporter-output>
        </test-method> <!-- vldLinkTest -->
        <test-method is-config="true" signature="tearDown()[pri:0, instance:com.ali.qa.tests.LoginTest@795509d9]" started-at="2022-12-11T16:15:45Z" name="tearDown" finished-at="2022-12-11T16:15:46Z" duration-ms="539" status="PASS">
          <reporter-output>
          </reporter-output>
        </test-method> <!-- tearDown -->
        <test-method is-config="true" signature="setUp()[pri:0, instance:com.ali.qa.tests.LoginTest@795509d9]" started-at="2022-12-11T16:16:01Z" name="setUp" finished-at="2022-12-11T16:16:05Z" duration-ms="3191" status="PASS">
          <reporter-output>
          </reporter-output>
        </test-method> <!-- setUp -->
        <test-method signature="vldTitleTest()[pri:2, instance:com.ali.qa.tests.LoginTest@795509d9]" started-at="2022-12-11T16:16:05Z" name="vldTitleTest" finished-at="2022-12-11T16:16:05Z" duration-ms="10" status="PASS">
          <reporter-output>
          </reporter-output>
        </test-method> <!-- vldTitleTest -->
        <test-method is-config="true" signature="tearDown()[pri:0, instance:com.ali.qa.tests.LoginTest@795509d9]" started-at="2022-12-11T16:16:05Z" name="tearDown" finished-at="2022-12-11T16:16:05Z" duration-ms="672" status="PASS">
          <reporter-output>
          </reporter-output>
        </test-method> <!-- tearDown -->
        <test-method is-config="true" signature="setUp()[pri:0, instance:com.ali.qa.tests.LoginTest@795509d9]" started-at="2022-12-11T16:16:22Z" name="setUp" finished-at="2022-12-11T16:16:25Z" duration-ms="3101" status="PASS">
          <reporter-output>
          </reporter-output>
        </test-method> <!-- setUp -->
        <test-method signature="vldElementTest()[pri:3, instance:com.ali.qa.tests.LoginTest@795509d9]" started-at="2022-12-11T16:16:25Z" name="vldElementTest" finished-at="2022-12-11T16:16:25Z" duration-ms="36" status="PASS">
          <reporter-output>
          </reporter-output>
        </test-method> <!-- vldElementTest -->
        <test-method is-config="true" signature="tearDown()[pri:0, instance:com.ali.qa.tests.LoginTest@795509d9]" started-at="2022-12-11T16:16:25Z" name="tearDown" finished-at="2022-12-11T16:16:26Z" duration-ms="673" status="PASS">
          <reporter-output>
          </reporter-output>
        </test-method> <!-- tearDown -->
        <test-method is-config="true" signature="setUp()[pri:0, instance:com.ali.qa.tests.LoginTest@795509d9]" started-at="2022-12-11T16:16:33Z" name="setUp" finished-at="2022-12-11T16:16:36Z" duration-ms="3225" status="PASS">
          <reporter-output>
          </reporter-output>
        </test-method> <!-- setUp -->
        <test-method signature="vldSSTest()[pri:4, instance:com.ali.qa.tests.LoginTest@795509d9]" started-at="2022-12-11T16:16:36Z" name="vldSSTest" finished-at="2022-12-11T16:16:37Z" duration-ms="70" status="PASS">
          <reporter-output>
          </reporter-output>
        </test-method> <!-- vldSSTest -->
        <test-method is-config="true" signature="tearDown()[pri:0, instance:com.ali.qa.tests.LoginTest@795509d9]" started-at="2022-12-11T16:16:37Z" name="tearDown" finished-at="2022-12-11T16:16:37Z" duration-ms="699" status="PASS">
          <reporter-output>
          </reporter-output>
        </test-method> <!-- tearDown -->
        <test-method is-config="true" signature="setUp()[pri:0, instance:com.ali.qa.tests.LoginTest@795509d9]" started-at="2022-12-11T16:16:37Z" name="setUp" finished-at="2022-12-11T16:16:40Z" duration-ms="3222" status="PASS">
          <reporter-output>
          </reporter-output>
        </test-method> <!-- setUp -->
        <test-method signature="vldLgnTest()[pri:5, instance:com.ali.qa.tests.LoginTest@795509d9]" started-at="2022-12-11T16:16:40Z" name="vldLgnTest" finished-at="2022-12-11T16:16:44Z" duration-ms="3220" status="PASS">
          <reporter-output>
          </reporter-output>
        </test-method> <!-- vldLgnTest -->
        <test-method is-config="true" signature="tearDown()[pri:0, instance:com.ali.qa.tests.LoginTest@795509d9]" started-at="2022-12-11T16:16:44Z" name="tearDown" finished-at="2022-12-11T16:16:44Z" duration-ms="676" status="PASS">
          <reporter-output>
          </reporter-output>
        </test-method> <!-- tearDown -->
      </class> <!-- com.ali.qa.tests.LoginTest -->
    </test> <!-- Test -->
  </suite> <!-- testng.xml -->
</testng-results>
